[ERROR]2014-04-27 12:24:22 [com.common.util.ip.Util]- java.io.EOFException
java.io.EOFException
	at java.io.RandomAccessFile.readByte(Unknown Source)
	at com.common.util.ip.IPSeeker.readString(IPSeeker.java:606)
	at com.common.util.ip.IPSeeker.getIPLocation(IPSeeker.java:508)
	at com.common.util.ip.IPSeeker.getIPLocation(IPSeeker.java:278)
	at com.common.util.ip.IPSeeker.getArea(IPSeeker.java:250)
	at com.common.util.ip.IPSeeker.getArea(IPSeeker.java:264)
	at com.common.util.ip.IPSeeker.getIPLocation(IPSeeker.java:127)
	at com.ip.test.IPtest.testIp(IPtest.java:17)
	at com.ip.test.IPtest.run(IPtest.java:34)
	at java.lang.Thread.run(Unknown Source)
[ERROR]2014-04-27 12:24:22 [com.common.util.ip.Util]- java.io.EOFException
java.io.EOFException
	at java.io.RandomAccessFile.readFully(Unknown Source)
	at java.io.RandomAccessFile.readFully(Unknown Source)
	at com.common.util.ip.IPSeeker.readIP(IPSeeker.java:356)
	at com.common.util.ip.IPSeeker.locateIP(IPSeeker.java:440)
	at com.common.util.ip.IPSeeker.getIPLocation(IPSeeker.java:276)
	at com.common.util.ip.IPSeeker.getCountry(IPSeeker.java:215)
	at com.common.util.ip.IPSeeker.getCountry(IPSeeker.java:229)
	at com.common.util.ip.IPSeeker.getIPLocation(IPSeeker.java:128)
	at com.ip.test.IPtest.testIp(IPtest.java:17)
	at com.ip.test.IPtest.run(IPtest.java:34)
	at java.lang.Thread.run(Unknown Source)
[ERROR]-[Thread-14]-2014-04-27 13:21:23 [com.common.util.ip.IPSeeker]- java.io.EOFException
java.io.EOFException
	at java.io.RandomAccessFile.readFully(Unknown Source)
	at java.io.RandomAccessFile.readFully(Unknown Source)
	at com.common.util.ip.IPSeeker.readIP(IPSeeker.java:360)
	at com.common.util.ip.IPSeeker.locateIP(IPSeeker.java:444)
	at com.common.util.ip.IPSeeker.getIPLocation(IPSeeker.java:280)
	at com.common.util.ip.IPSeeker.getArea(IPSeeker.java:253)
	at com.common.util.ip.IPSeeker.getArea(IPSeeker.java:268)
	at com.common.util.ip.IPSeeker.getIPLocation(IPSeeker.java:127)
	at com.ip.test.IPtest.testIp(IPtest.java:27)
	at com.ip.test.IPtest.run(IPtest.java:46)
	at java.lang.Thread.run(Unknown Source)
[ERROR]-[Thread-9]-2014-04-27 13:21:23 [com.common.util.ip.IPSeeker]- java.io.EOFException
java.io.EOFException
	at java.io.RandomAccessFile.readFully(Unknown Source)
	at java.io.RandomAccessFile.readFully(Unknown Source)
	at com.common.util.ip.IPSeeker.readIP(IPSeeker.java:360)
	at com.common.util.ip.IPSeeker.locateIP(IPSeeker.java:435)
	at com.common.util.ip.IPSeeker.getIPLocation(IPSeeker.java:280)
	at com.common.util.ip.IPSeeker.getArea(IPSeeker.java:253)
	at com.common.util.ip.IPSeeker.getArea(IPSeeker.java:268)
	at com.common.util.ip.IPSeeker.getIPLocation(IPSeeker.java:127)
	at com.ip.test.IPtest.testIp(IPtest.java:27)
	at com.ip.test.IPtest.run(IPtest.java:46)
	at java.lang.Thread.run(Unknown Source)
[ERROR]-[Thread-6]-2014-04-27 13:21:23 [com.common.util.ip.IPSeeker]- java.io.EOFException
java.io.EOFException
	at java.io.RandomAccessFile.readFully(Unknown Source)
	at java.io.RandomAccessFile.readFully(Unknown Source)
	at com.common.util.ip.IPSeeker.readIP(IPSeeker.java:360)
	at com.common.util.ip.IPSeeker.locateIP(IPSeeker.java:444)
	at com.common.util.ip.IPSeeker.getIPLocation(IPSeeker.java:280)
	at com.common.util.ip.IPSeeker.getArea(IPSeeker.java:253)
	at com.common.util.ip.IPSeeker.getArea(IPSeeker.java:268)
	at com.common.util.ip.IPSeeker.getIPLocation(IPSeeker.java:127)
	at com.ip.test.IPtest.testIp(IPtest.java:27)
	at com.ip.test.IPtest.run(IPtest.java:46)
	at java.lang.Thread.run(Unknown Source)
[ERROR]-[Thread-0]-2014-04-27 13:21:23 [com.common.util.ip.IPSeeker]- java.io.EOFException
java.io.EOFException
	at java.io.RandomAccessFile.readFully(Unknown Source)
	at java.io.RandomAccessFile.readFully(Unknown Source)
	at com.common.util.ip.IPSeeker.readIP(IPSeeker.java:360)
	at com.common.util.ip.IPSeeker.locateIP(IPSeeker.java:461)
	at com.common.util.ip.IPSeeker.getIPLocation(IPSeeker.java:280)
	at com.common.util.ip.IPSeeker.getArea(IPSeeker.java:253)
	at com.common.util.ip.IPSeeker.getArea(IPSeeker.java:268)
	at com.common.util.ip.IPSeeker.getIPLocation(IPSeeker.java:127)
	at com.ip.test.IPtest.testIp(IPtest.java:27)
	at com.ip.test.IPtest.run(IPtest.java:46)
	at java.lang.Thread.run(Unknown Source)
[ERROR]-[Thread-3]-2014-04-27 13:21:23 [com.common.util.ip.IPSeeker]- java.io.IOException: Negative seek offset
java.io.IOException: Negative seek offset
	at java.io.RandomAccessFile.seek(Native Method)
	at com.common.util.ip.IPSeeker.readIP(IPSeeker.java:359)
	at com.common.util.ip.IPSeeker.locateIP(IPSeeker.java:435)
	at com.common.util.ip.IPSeeker.getIPLocation(IPSeeker.java:280)
	at com.common.util.ip.IPSeeker.getArea(IPSeeker.java:253)
	at com.common.util.ip.IPSeeker.getArea(IPSeeker.java:268)
	at com.common.util.ip.IPSeeker.getIPLocation(IPSeeker.java:127)
	at com.ip.test.IPtest.testIp(IPtest.java:27)
	at com.ip.test.IPtest.run(IPtest.java:46)
	at java.lang.Thread.run(Unknown Source)
[ERROR]-[Thread-16]-2014-04-27 13:21:23 [com.common.util.ip.IPSeeker]- java.io.IOException: Negative seek offset
java.io.IOException: Negative seek offset
	at java.io.RandomAccessFile.seek(Native Method)
	at com.common.util.ip.IPSeeker.readIP(IPSeeker.java:359)
	at com.common.util.ip.IPSeeker.locateIP(IPSeeker.java:435)
	at com.common.util.ip.IPSeeker.getIPLocation(IPSeeker.java:280)
	at com.common.util.ip.IPSeeker.getArea(IPSeeker.java:253)
	at com.common.util.ip.IPSeeker.getArea(IPSeeker.java:268)
	at com.common.util.ip.IPSeeker.getIPLocation(IPSeeker.java:127)
	at com.ip.test.IPtest.testIp(IPtest.java:27)
	at com.ip.test.IPtest.run(IPtest.java:46)
	at java.lang.Thread.run(Unknown Source)
[ERROR]-[Thread-3]-2014-04-27 13:21:23 [com.common.util.ip.IPSeeker]- java.io.EOFException
java.io.EOFException
	at java.io.RandomAccessFile.readFully(Unknown Source)
	at java.io.RandomAccessFile.readFully(Unknown Source)
	at com.common.util.ip.IPSeeker.readIP(IPSeeker.java:360)
	at com.common.util.ip.IPSeeker.locateIP(IPSeeker.java:461)
	at com.common.util.ip.IPSeeker.getIPLocation(IPSeeker.java:280)
	at com.common.util.ip.IPSeeker.getArea(IPSeeker.java:253)
	at com.common.util.ip.IPSeeker.getArea(IPSeeker.java:268)
	at com.common.util.ip.IPSeeker.getIPLocation(IPSeeker.java:127)
	at com.ip.test.IPtest.testIp(IPtest.java:27)
	at com.ip.test.IPtest.run(IPtest.java:46)
	at java.lang.Thread.run(Unknown Source)
[ERROR]-[Thread-16]-2014-04-27 13:21:23 [com.common.util.ip.IPSeeker]- java.io.EOFException
java.io.EOFException
	at java.io.RandomAccessFile.readFully(Unknown Source)
	at java.io.RandomAccessFile.readFully(Unknown Source)
	at com.common.util.ip.IPSeeker.readIP(IPSeeker.java:360)
	at com.common.util.ip.IPSeeker.locateIP(IPSeeker.java:461)
	at com.common.util.ip.IPSeeker.getIPLocation(IPSeeker.java:280)
	at com.common.util.ip.IPSeeker.getArea(IPSeeker.java:253)
	at com.common.util.ip.IPSeeker.getArea(IPSeeker.java:268)
	at com.common.util.ip.IPSeeker.getIPLocation(IPSeeker.java:127)
	at com.ip.test.IPtest.testIp(IPtest.java:27)
	at com.ip.test.IPtest.run(IPtest.java:46)
	at java.lang.Thread.run(Unknown Source)
[ERROR]-[Thread-6]-2014-04-27 13:45:32 [com.common.util.ip.IPSeeker]- java.io.EOFException
java.io.EOFException
	at java.io.RandomAccessFile.readFully(Unknown Source)
	at java.io.RandomAccessFile.readFully(Unknown Source)
	at com.common.util.ip.IPSeeker.readIP(IPSeeker.java:360)
	at com.common.util.ip.IPSeeker.locateIP(IPSeeker.java:435)
	at com.common.util.ip.IPSeeker.getIPLocation(IPSeeker.java:280)
	at com.common.util.ip.IPSeeker.getArea(IPSeeker.java:253)
	at com.common.util.ip.IPSeeker.getArea(IPSeeker.java:268)
	at com.common.util.ip.IPSeeker.getIPLocation(IPSeeker.java:127)
	at com.ip.test.IPtest.testIp(IPtest.java:27)
	at com.ip.test.IPtest.run(IPtest.java:46)
	at java.lang.Thread.run(Unknown Source)
[ERROR]-[Thread-0]-2014-04-27 13:45:32 [com.common.util.ip.IPSeeker]- java.io.EOFException
java.io.EOFException
	at java.io.RandomAccessFile.readByte(Unknown Source)
	at com.common.util.ip.IPSeeker.readString(IPSeeker.java:610)
	at com.common.util.ip.IPSeeker.readArea(IPSeeker.java:576)
	at com.common.util.ip.IPSeeker.getIPLocation(IPSeeker.java:510)
	at com.common.util.ip.IPSeeker.getIPLocation(IPSeeker.java:282)
	at com.common.util.ip.IPSeeker.getArea(IPSeeker.java:253)
	at com.common.util.ip.IPSeeker.getArea(IPSeeker.java:268)
	at com.common.util.ip.IPSeeker.getIPLocation(IPSeeker.java:127)
	at com.ip.test.IPtest.testIp(IPtest.java:27)
	at com.ip.test.IPtest.run(IPtest.java:46)
	at java.lang.Thread.run(Unknown Source)
[ERROR]-[Thread-3]-2014-04-27 13:45:32 [com.common.util.ip.IPSeeker]- java.io.EOFException
java.io.EOFException
	at java.io.RandomAccessFile.readFully(Unknown Source)
	at java.io.RandomAccessFile.readFully(Unknown Source)
	at com.common.util.ip.IPSeeker.readIP(IPSeeker.java:360)
	at com.common.util.ip.IPSeeker.locateIP(IPSeeker.java:444)
	at com.common.util.ip.IPSeeker.getIPLocation(IPSeeker.java:280)
	at com.common.util.ip.IPSeeker.getArea(IPSeeker.java:253)
	at com.common.util.ip.IPSeeker.getArea(IPSeeker.java:268)
	at com.common.util.ip.IPSeeker.getIPLocation(IPSeeker.java:127)
	at com.ip.test.IPtest.testIp(IPtest.java:27)
	at com.ip.test.IPtest.run(IPtest.java:46)
	at java.lang.Thread.run(Unknown Source)
[ERROR]-[Thread-3]-2014-04-27 13:45:53 [com.common.util.ip.IPSeeker]- java.io.EOFException
java.io.EOFException
	at java.io.RandomAccessFile.readFully(Unknown Source)
	at java.io.RandomAccessFile.readFully(Unknown Source)
	at com.common.util.ip.IPSeeker.readIP(IPSeeker.java:360)
	at com.common.util.ip.IPSeeker.locateIP(IPSeeker.java:444)
	at com.common.util.ip.IPSeeker.getIPLocation(IPSeeker.java:280)
	at com.common.util.ip.IPSeeker.getArea(IPSeeker.java:253)
	at com.common.util.ip.IPSeeker.getArea(IPSeeker.java:268)
	at com.common.util.ip.IPSeeker.getIPLocation(IPSeeker.java:127)
	at com.ip.test.IPtest.testIp(IPtest.java:27)
	at com.ip.test.IPtest.run(IPtest.java:46)
	at java.lang.Thread.run(Unknown Source)
[ERROR]-[Thread-2]-2014-04-27 13:45:53 [com.common.util.ip.IPSeeker]- java.io.EOFException
java.io.EOFException
	at java.io.RandomAccessFile.readByte(Unknown Source)
	at com.common.util.ip.IPSeeker.readString(IPSeeker.java:610)
	at com.common.util.ip.IPSeeker.getIPLocation(IPSeeker.java:505)
	at com.common.util.ip.IPSeeker.getIPLocation(IPSeeker.java:282)
	at com.common.util.ip.IPSeeker.getArea(IPSeeker.java:253)
	at com.common.util.ip.IPSeeker.getArea(IPSeeker.java:268)
	at com.common.util.ip.IPSeeker.getIPLocation(IPSeeker.java:127)
	at com.ip.test.IPtest.testIp(IPtest.java:27)
	at com.ip.test.IPtest.run(IPtest.java:46)
	at java.lang.Thread.run(Unknown Source)
[ERROR]-[Thread-10]-2014-04-27 13:46:03 [com.common.util.ip.IPSeeker]- java.io.EOFException
java.io.EOFException
	at java.io.RandomAccessFile.readByte(Unknown Source)
	at com.common.util.ip.IPSeeker.readString(IPSeeker.java:611)
	at com.common.util.ip.IPSeeker.readArea(IPSeeker.java:576)
	at com.common.util.ip.IPSeeker.getIPLocation(IPSeeker.java:513)
	at com.common.util.ip.IPSeeker.getIPLocation(IPSeeker.java:282)
	at com.common.util.ip.IPSeeker.getArea(IPSeeker.java:253)
	at com.common.util.ip.IPSeeker.getArea(IPSeeker.java:268)
	at com.common.util.ip.IPSeeker.getIPLocation(IPSeeker.java:127)
	at com.ip.test.IPtest.testIp(IPtest.java:27)
	at com.ip.test.IPtest.run(IPtest.java:46)
	at java.lang.Thread.run(Unknown Source)
[ERROR]-[Thread-4]-2014-04-27 13:46:03 [com.common.util.ip.IPSeeker]- java.io.EOFException
java.io.EOFException
	at java.io.RandomAccessFile.readFully(Unknown Source)
	at java.io.RandomAccessFile.readFully(Unknown Source)
	at com.common.util.ip.IPSeeker.readIP(IPSeeker.java:360)
	at com.common.util.ip.IPSeeker.locateIP(IPSeeker.java:461)
	at com.common.util.ip.IPSeeker.getIPLocation(IPSeeker.java:280)
	at com.common.util.ip.IPSeeker.getArea(IPSeeker.java:253)
	at com.common.util.ip.IPSeeker.getArea(IPSeeker.java:268)
	at com.common.util.ip.IPSeeker.getIPLocation(IPSeeker.java:127)
	at com.ip.test.IPtest.testIp(IPtest.java:27)
	at com.ip.test.IPtest.run(IPtest.java:46)
	at java.lang.Thread.run(Unknown Source)
[ERROR]-[Thread-6]-2014-04-27 17:16:22 [com.common.util.ip.IPSeeker]- java.io.EOFException
java.io.EOFException
	at java.io.RandomAccessFile.readFully(Unknown Source)
	at java.io.RandomAccessFile.readFully(Unknown Source)
	at com.common.util.ip.IPSeeker.readIP(IPSeeker.java:360)
	at com.common.util.ip.IPSeeker.locateIP(IPSeeker.java:444)
	at com.common.util.ip.IPSeeker.getIPLocation(IPSeeker.java:280)
	at com.common.util.ip.IPSeeker.getArea(IPSeeker.java:253)
	at com.common.util.ip.IPSeeker.getArea(IPSeeker.java:268)
	at com.common.util.ip.IPSeeker.getIPLocation(IPSeeker.java:127)
	at com.ip.test.IPtest.testIp(IPtest.java:27)
	at com.ip.test.IPtest.run(IPtest.java:46)
	at java.lang.Thread.run(Unknown Source)
[ERROR]-[Thread-19]-2014-04-27 17:16:22 [com.common.util.ip.IPSeeker]- java.io.EOFException
java.io.EOFException
	at java.io.RandomAccessFile.readFully(Unknown Source)
	at java.io.RandomAccessFile.readFully(Unknown Source)
	at com.common.util.ip.IPSeeker.readIP(IPSeeker.java:360)
	at com.common.util.ip.IPSeeker.locateIP(IPSeeker.java:461)
	at com.common.util.ip.IPSeeker.getIPLocation(IPSeeker.java:280)
	at com.common.util.ip.IPSeeker.getArea(IPSeeker.java:253)
	at com.common.util.ip.IPSeeker.getArea(IPSeeker.java:268)
	at com.common.util.ip.IPSeeker.getIPLocation(IPSeeker.java:127)
	at com.ip.test.IPtest.testIp(IPtest.java:27)
	at com.ip.test.IPtest.run(IPtest.java:46)
	at java.lang.Thread.run(Unknown Source)
[ERROR]-[Thread-10]-2014-04-27 17:16:22 [com.common.util.ip.IPSeeker]- java.io.EOFException
java.io.EOFException
	at java.io.RandomAccessFile.readFully(Unknown Source)
	at java.io.RandomAccessFile.readFully(Unknown Source)
	at com.common.util.ip.IPSeeker.readIP(IPSeeker.java:360)
	at com.common.util.ip.IPSeeker.locateIP(IPSeeker.java:444)
	at com.common.util.ip.IPSeeker.getIPLocation(IPSeeker.java:280)
	at com.common.util.ip.IPSeeker.getArea(IPSeeker.java:253)
	at com.common.util.ip.IPSeeker.getArea(IPSeeker.java:268)
	at com.common.util.ip.IPSeeker.getIPLocation(IPSeeker.java:127)
	at com.ip.test.IPtest.testIp(IPtest.java:27)
	at com.ip.test.IPtest.run(IPtest.java:46)
	at java.lang.Thread.run(Unknown Source)
[ERROR]-[Thread-18]-2014-04-27 17:16:22 [com.common.util.ip.IPSeeker]- java.io.EOFException
java.io.EOFException
	at java.io.RandomAccessFile.readFully(Unknown Source)
	at java.io.RandomAccessFile.readFully(Unknown Source)
	at com.common.util.ip.IPSeeker.readIP(IPSeeker.java:360)
	at com.common.util.ip.IPSeeker.locateIP(IPSeeker.java:444)
	at com.common.util.ip.IPSeeker.getIPLocation(IPSeeker.java:280)
	at com.common.util.ip.IPSeeker.getArea(IPSeeker.java:253)
	at com.common.util.ip.IPSeeker.getArea(IPSeeker.java:268)
	at com.common.util.ip.IPSeeker.getIPLocation(IPSeeker.java:127)
	at com.ip.test.IPtest.testIp(IPtest.java:27)
	at com.ip.test.IPtest.run(IPtest.java:46)
	at java.lang.Thread.run(Unknown Source)
[ERROR]-[Thread-12]-2014-04-27 17:16:22 [com.common.util.ip.IPSeeker]- java.io.EOFException
java.io.EOFException
	at java.io.RandomAccessFile.readFully(Unknown Source)
	at java.io.RandomAccessFile.readFully(Unknown Source)
	at com.common.util.ip.IPSeeker.readIP(IPSeeker.java:360)
	at com.common.util.ip.IPSeeker.locateIP(IPSeeker.java:444)
	at com.common.util.ip.IPSeeker.getIPLocation(IPSeeker.java:280)
	at com.common.util.ip.IPSeeker.getArea(IPSeeker.java:253)
	at com.common.util.ip.IPSeeker.getArea(IPSeeker.java:268)
	at com.common.util.ip.IPSeeker.getIPLocation(IPSeeker.java:127)
	at com.ip.test.IPtest.testIp(IPtest.java:27)
	at com.ip.test.IPtest.run(IPtest.java:46)
	at java.lang.Thread.run(Unknown Source)
[ERROR]-[Thread-4]-2014-04-27 17:16:22 [com.common.util.ip.IPSeeker]- java.io.EOFException
java.io.EOFException
	at java.io.RandomAccessFile.readByte(Unknown Source)
	at com.common.util.ip.IPSeeker.readString(IPSeeker.java:611)
	at com.common.util.ip.IPSeeker.getIPLocation(IPSeeker.java:515)
	at com.common.util.ip.IPSeeker.getIPLocation(IPSeeker.java:282)
	at com.common.util.ip.IPSeeker.getArea(IPSeeker.java:253)
	at com.common.util.ip.IPSeeker.getArea(IPSeeker.java:268)
	at com.common.util.ip.IPSeeker.getIPLocation(IPSeeker.java:127)
	at com.ip.test.IPtest.testIp(IPtest.java:27)
	at com.ip.test.IPtest.run(IPtest.java:46)
	at java.lang.Thread.run(Unknown Source)
[ERROR]-[Thread-8]-2014-04-27 17:16:22 [com.common.util.ip.IPSeeker]- java.io.EOFException
java.io.EOFException
	at java.io.RandomAccessFile.readByte(Unknown Source)
	at com.common.util.ip.IPSeeker.readString(IPSeeker.java:610)
	at com.common.util.ip.IPSeeker.getIPLocation(IPSeeker.java:508)
	at com.common.util.ip.IPSeeker.getIPLocation(IPSeeker.java:282)
	at com.common.util.ip.IPSeeker.getArea(IPSeeker.java:253)
	at com.common.util.ip.IPSeeker.getArea(IPSeeker.java:268)
	at com.common.util.ip.IPSeeker.getIPLocation(IPSeeker.java:127)
	at com.ip.test.IPtest.testIp(IPtest.java:27)
	at com.ip.test.IPtest.run(IPtest.java:46)
	at java.lang.Thread.run(Unknown Source)
[ERROR]-[Thread-0]-2014-04-27 17:16:22 [com.common.util.ip.IPSeeker]- java.io.IOException: Negative seek offset
java.io.IOException: Negative seek offset
	at java.io.RandomAccessFile.seek(Native Method)
	at com.common.util.ip.IPSeeker.readIP(IPSeeker.java:359)
	at com.common.util.ip.IPSeeker.locateIP(IPSeeker.java:461)
	at com.common.util.ip.IPSeeker.getIPLocation(IPSeeker.java:280)
	at com.common.util.ip.IPSeeker.getArea(IPSeeker.java:253)
	at com.common.util.ip.IPSeeker.getArea(IPSeeker.java:268)
	at com.common.util.ip.IPSeeker.getIPLocation(IPSeeker.java:127)
	at com.ip.test.IPtest.testIp(IPtest.java:27)
	at com.ip.test.IPtest.run(IPtest.java:46)
	at java.lang.Thread.run(Unknown Source)
[ERROR]-[Thread-16]-2014-04-27 17:16:22 [com.common.util.ip.IPSeeker]- java.io.EOFException
java.io.EOFException
	at java.io.RandomAccessFile.readFully(Unknown Source)
	at java.io.RandomAccessFile.readFully(Unknown Source)
	at com.common.util.ip.IPSeeker.readIP(IPSeeker.java:360)
	at com.common.util.ip.IPSeeker.locateIP(IPSeeker.java:444)
	at com.common.util.ip.IPSeeker.getIPLocation(IPSeeker.java:280)
	at com.common.util.ip.IPSeeker.getArea(IPSeeker.java:253)
	at com.common.util.ip.IPSeeker.getArea(IPSeeker.java:268)
	at com.common.util.ip.IPSeeker.getIPLocation(IPSeeker.java:127)
	at com.ip.test.IPtest.testIp(IPtest.java:27)
	at com.ip.test.IPtest.run(IPtest.java:46)
	at java.lang.Thread.run(Unknown Source)
[ERROR]-[Thread-17]-2014-04-27 17:16:22 [com.common.util.ip.IPSeeker]- java.io.IOException: Negative seek offset
java.io.IOException: Negative seek offset
	at java.io.RandomAccessFile.seek(Native Method)
	at com.common.util.ip.IPSeeker.readIP(IPSeeker.java:359)
	at com.common.util.ip.IPSeeker.locateIP(IPSeeker.java:461)
	at com.common.util.ip.IPSeeker.getIPLocation(IPSeeker.java:280)
	at com.common.util.ip.IPSeeker.getArea(IPSeeker.java:253)
	at com.common.util.ip.IPSeeker.getArea(IPSeeker.java:268)
	at com.common.util.ip.IPSeeker.getIPLocation(IPSeeker.java:127)
	at com.ip.test.IPtest.testIp(IPtest.java:27)
	at com.ip.test.IPtest.run(IPtest.java:46)
	at java.lang.Thread.run(Unknown Source)
[ERROR]-[Thread-4]-2014-04-27 18:10:11 [com.common.util.ip.IPSeeker]- java.io.EOFException
java.io.EOFException
	at java.io.RandomAccessFile.readByte(Unknown Source)
	at com.common.util.ip.IPSeeker.readString(IPSeeker.java:610)
	at com.common.util.ip.IPSeeker.getIPLocation(IPSeeker.java:505)
	at com.common.util.ip.IPSeeker.getIPLocation(IPSeeker.java:282)
	at com.common.util.ip.IPSeeker.getArea(IPSeeker.java:253)
	at com.common.util.ip.IPSeeker.getArea(IPSeeker.java:268)
	at com.common.util.ip.IPSeeker.getIPLocation(IPSeeker.java:127)
	at com.ip.test.IPtest.testIp(IPtest.java:27)
	at com.ip.test.IPtest.run(IPtest.java:46)
	at java.lang.Thread.run(Unknown Source)
[ERROR]-[Thread-1]-2014-04-27 18:12:59 [com.common.util.ip.IPSeeker]- java.io.EOFException
java.io.EOFException
	at java.io.RandomAccessFile.readByte(Unknown Source)
	at com.common.util.ip.IPSeeker.readString(IPSeeker.java:610)
	at com.common.util.ip.IPSeeker.getIPLocation(IPSeeker.java:505)
	at com.common.util.ip.IPSeeker.getIPLocation(IPSeeker.java:282)
	at com.common.util.ip.IPSeeker.getArea(IPSeeker.java:253)
	at com.common.util.ip.IPSeeker.getArea(IPSeeker.java:268)
	at com.common.util.ip.IPSeeker.getIPLocation(IPSeeker.java:127)
	at com.ip.test.IPtest.testIp(IPtest.java:27)
	at com.ip.test.IPtest.run(IPtest.java:46)
	at java.lang.Thread.run(Unknown Source)
[ERROR]-[Thread-17]-2014-04-27 18:12:59 [com.common.util.ip.IPSeeker]- java.io.IOException: Negative seek offset
java.io.IOException: Negative seek offset
	at java.io.RandomAccessFile.seek(Native Method)
	at com.common.util.ip.IPSeeker.readIP(IPSeeker.java:359)
	at com.common.util.ip.IPSeeker.locateIP(IPSeeker.java:435)
	at com.common.util.ip.IPSeeker.getIPLocation(IPSeeker.java:280)
	at com.common.util.ip.IPSeeker.getCountry(IPSeeker.java:216)
	at com.common.util.ip.IPSeeker.getCountry(IPSeeker.java:231)
	at com.common.util.ip.IPSeeker.getIPLocation(IPSeeker.java:128)
	at com.ip.test.IPtest.testIp(IPtest.java:27)
	at com.ip.test.IPtest.run(IPtest.java:46)
	at java.lang.Thread.run(Unknown Source)
[ERROR]-[Thread-17]-2014-04-27 18:12:59 [com.common.util.ip.IPSeeker]- java.io.IOException: Negative seek offset
java.io.IOException: Negative seek offset
	at java.io.RandomAccessFile.seek(Native Method)
	at com.common.util.ip.IPSeeker.readIP(IPSeeker.java:359)
	at com.common.util.ip.IPSeeker.locateIP(IPSeeker.java:444)
	at com.common.util.ip.IPSeeker.getIPLocation(IPSeeker.java:280)
	at com.common.util.ip.IPSeeker.getCountry(IPSeeker.java:216)
	at com.common.util.ip.IPSeeker.getCountry(IPSeeker.java:231)
	at com.common.util.ip.IPSeeker.getIPLocation(IPSeeker.java:128)
	at com.ip.test.IPtest.testIp(IPtest.java:27)
	at com.ip.test.IPtest.run(IPtest.java:46)
	at java.lang.Thread.run(Unknown Source)
[ERROR]-[Thread-17]-2014-04-27 18:12:59 [com.common.util.ip.IPSeeker]- java.io.IOException: Negative seek offset
java.io.IOException: Negative seek offset
	at java.io.RandomAccessFile.seek(Native Method)
	at com.common.util.ip.IPSeeker.readIP(IPSeeker.java:359)
	at com.common.util.ip.IPSeeker.locateIP(IPSeeker.java:444)
	at com.common.util.ip.IPSeeker.getIPLocation(IPSeeker.java:280)
	at com.common.util.ip.IPSeeker.getCountry(IPSeeker.java:216)
	at com.common.util.ip.IPSeeker.getCountry(IPSeeker.java:231)
	at com.common.util.ip.IPSeeker.getIPLocation(IPSeeker.java:128)
	at com.ip.test.IPtest.testIp(IPtest.java:27)
	at com.ip.test.IPtest.run(IPtest.java:46)
	at java.lang.Thread.run(Unknown Source)
[ERROR]-[Thread-17]-2014-04-27 18:12:59 [com.common.util.ip.IPSeeker]- java.io.IOException: Negative seek offset
java.io.IOException: Negative seek offset
	at java.io.RandomAccessFile.seek(Native Method)
	at com.common.util.ip.IPSeeker.readIP(IPSeeker.java:359)
	at com.common.util.ip.IPSeeker.locateIP(IPSeeker.java:444)
	at com.common.util.ip.IPSeeker.getIPLocation(IPSeeker.java:280)
	at com.common.util.ip.IPSeeker.getCountry(IPSeeker.java:216)
	at com.common.util.ip.IPSeeker.getCountry(IPSeeker.java:231)
	at com.common.util.ip.IPSeeker.getIPLocation(IPSeeker.java:128)
	at com.ip.test.IPtest.testIp(IPtest.java:27)
	at com.ip.test.IPtest.run(IPtest.java:46)
	at java.lang.Thread.run(Unknown Source)
[ERROR]-[Thread-17]-2014-04-27 18:12:59 [com.common.util.ip.IPSeeker]- java.io.IOException: Negative seek offset
java.io.IOException: Negative seek offset
	at java.io.RandomAccessFile.seek(Native Method)
	at com.common.util.ip.IPSeeker.readIP(IPSeeker.java:359)
	at com.common.util.ip.IPSeeker.locateIP(IPSeeker.java:444)
	at com.common.util.ip.IPSeeker.getIPLocation(IPSeeker.java:280)
	at com.common.util.ip.IPSeeker.getCountry(IPSeeker.java:216)
	at com.common.util.ip.IPSeeker.getCountry(IPSeeker.java:231)
	at com.common.util.ip.IPSeeker.getIPLocation(IPSeeker.java:128)
	at com.ip.test.IPtest.testIp(IPtest.java:27)
	at com.ip.test.IPtest.run(IPtest.java:46)
	at java.lang.Thread.run(Unknown Source)
[ERROR]-[Thread-17]-2014-04-27 18:12:59 [com.common.util.ip.IPSeeker]- java.io.IOException: Negative seek offset
java.io.IOException: Negative seek offset
	at java.io.RandomAccessFile.seek(Native Method)
	at com.common.util.ip.IPSeeker.readIP(IPSeeker.java:359)
	at com.common.util.ip.IPSeeker.locateIP(IPSeeker.java:444)
	at com.common.util.ip.IPSeeker.getIPLocation(IPSeeker.java:280)
	at com.common.util.ip.IPSeeker.getCountry(IPSeeker.java:216)
	at com.common.util.ip.IPSeeker.getCountry(IPSeeker.java:231)
	at com.common.util.ip.IPSeeker.getIPLocation(IPSeeker.java:128)
	at com.ip.test.IPtest.testIp(IPtest.java:27)
	at com.ip.test.IPtest.run(IPtest.java:46)
	at java.lang.Thread.run(Unknown Source)
[ERROR]-[Thread-17]-2014-04-27 18:12:59 [com.common.util.ip.IPSeeker]- java.io.IOException: Negative seek offset
java.io.IOException: Negative seek offset
	at java.io.RandomAccessFile.seek(Native Method)
	at com.common.util.ip.IPSeeker.readIP(IPSeeker.java:359)
	at com.common.util.ip.IPSeeker.locateIP(IPSeeker.java:444)
	at com.common.util.ip.IPSeeker.getIPLocation(IPSeeker.java:280)
	at com.common.util.ip.IPSeeker.getCountry(IPSeeker.java:216)
	at com.common.util.ip.IPSeeker.getCountry(IPSeeker.java:231)
	at com.common.util.ip.IPSeeker.getIPLocation(IPSeeker.java:128)
	at com.ip.test.IPtest.testIp(IPtest.java:27)
	at com.ip.test.IPtest.run(IPtest.java:46)
	at java.lang.Thread.run(Unknown Source)
